<?xml version="1.0" encoding="UTF-8"?>
<!-- Generated by org.testng.reporters.JUnitXMLReporter -->
<testsuite ignored="0" hostname="DESKTOP-T88O8S2" failures="3" tests="7" name="BankingApp Test" time="121.505" errors="0" timestamp="2022-07-28T15:41:06 IST">
  <testcase classname="com.iNetBanking.testCases.TC_LoginTest_001" name="loginTest" time="4.269"/>
  <testcase classname="com.iNetBanking.testCases.TC_LoginDDT_002" name="loginDDT" time="13.519"/>
  <testcase classname="com.iNetBanking.testCases.TC_LoginDDT_002" name="loginDDT" time="7.774">
    <failure type="java.lang.AssertionError" message="expected [true] but found [false]">
      <![CDATA[java.lang.AssertionError: expected [true] but found [false]
at com.iNetBanking.testCases.TC_LoginDDT_002.loginDDT(TC_LoginDDT_002.java:32)
at java.base/java.util.ArrayList.forEach(ArrayList.java:1511)
... Removed 32 stack frames]]>
    </failure>
  </testcase> <!-- loginDDT -->
  <testcase classname="com.iNetBanking.testCases.TC_LoginDDT_002" name="loginDDT" time="8.704">
    <failure type="java.lang.AssertionError" message="expected [true] but found [false]">
      <![CDATA[java.lang.AssertionError: expected [true] but found [false]
at com.iNetBanking.testCases.TC_LoginDDT_002.loginDDT(TC_LoginDDT_002.java:32)
at java.base/java.util.ArrayList.forEach(ArrayList.java:1511)
... Removed 32 stack frames]]>
    </failure>
  </testcase> <!-- loginDDT -->
  <testcase classname="com.iNetBanking.testCases.TC_LoginDDT_002" name="loginDDT" time="15.367"/>
  <testcase classname="com.iNetBanking.testCases.TC_LoginDDT_002" name="loginDDT" time="6.149">
    <failure type="java.lang.AssertionError" message="expected [true] but found [false]">
      <![CDATA[java.lang.AssertionError: expected [true] but found [false]
at com.iNetBanking.testCases.TC_LoginDDT_002.loginDDT(TC_LoginDDT_002.java:32)
at java.base/java.util.ArrayList.forEach(ArrayList.java:1511)
... Removed 32 stack frames]]>
    </failure>
  </testcase> <!-- loginDDT -->
  <testcase classname="com.iNetBanking.testCases.TC_AddCustomer_003" name="addNewCustomer" time="20.792"/>
</testsuite> <!-- BankingApp Test -->
